Performing C SOURCE FILE Test CMAKE_HAVE_LIBC_PTHREAD failed with the following output:
Change Dir: /home/ssac23/ros_input/build/CMakeFiles/CMakeTmp

Run Build Command(s):/usr/bin/make cmTC_23745/fast && /usr/bin/make  -f CMakeFiles/cmTC_23745.dir/build.make CMakeFiles/cmTC_23745.dir/build
make[1]: Entering directory '/home/ssac23/ros_input/build/CMakeFiles/CMakeTmp'
Building C object CMakeFiles/cmTC_23745.dir/src.c.o
/usr/bin/cc   -DCMAKE_HAVE_LIBC_PTHREAD -o CMakeFiles/cmTC_23745.dir/src.c.o -c /home/ssac23/ros_input/build/CMakeFiles/CMakeTmp/src.c
Linking C executable cmTC_23745
/home/ssac23/anaconda3/envs/aiffel/lib/python3.7/site-packages/cmake/data/bin/cmake -E cmake_link_script CMakeFiles/cmTC_23745.dir/link.txt --verbose=1
/usr/bin/cc  -DCMAKE_HAVE_LIBC_PTHREAD -rdynamic CMakeFiles/cmTC_23745.dir/src.c.o -o cmTC_23745 
CMakeFiles/cmTC_23745.dir/src.c.o: In function `main':
src.c:(.text+0x3e): undefined reference to `pthread_create'
src.c:(.text+0x4a): undefined reference to `pthread_detach'
src.c:(.text+0x56): undefined reference to `pthread_cancel'
src.c:(.text+0x67): undefined reference to `pthread_join'
src.c:(.text+0x7b): undefined reference to `pthread_atfork'
collect2: error: ld returned 1 exit status
CMakeFiles/cmTC_23745.dir/build.make:105: recipe for target 'cmTC_23745' failed
make[1]: *** [cmTC_23745] Error 1
make[1]: Leaving directory '/home/ssac23/ros_input/build/CMakeFiles/CMakeTmp'
Makefile:140: recipe for target 'cmTC_23745/fast' failed
make: *** [cmTC_23745/fast] Error 2


Source file was:
#include <pthread.h>

void* test_func(void* data)
{
  return data;
}

int main(void)
{
  pthread_t thread;
  pthread_create(&thread, NULL, test_func, NULL);
  pthread_detach(thread);
  pthread_cancel(thread);
  pthread_join(thread, NULL);
  pthread_atfork(NULL, NULL, NULL);
  pthread_exit(NULL);

  return 0;
}

Determining if the function pthread_create exists in the pthreads failed with the following output:
Change Dir: /home/ssac23/ros_input/build/CMakeFiles/CMakeTmp

Run Build Command(s):/usr/bin/make cmTC_e458f/fast && /usr/bin/make  -f CMakeFiles/cmTC_e458f.dir/build.make CMakeFiles/cmTC_e458f.dir/build
make[1]: Entering directory '/home/ssac23/ros_input/build/CMakeFiles/CMakeTmp'
Building C object CMakeFiles/cmTC_e458f.dir/CheckFunctionExists.c.o
/usr/bin/cc   -DCHECK_FUNCTION_EXISTS=pthread_create -o CMakeFiles/cmTC_e458f.dir/CheckFunctionExists.c.o -c /home/ssac23/anaconda3/envs/aiffel/lib/python3.7/site-packages/cmake/data/share/cmake-3.18/Modules/CheckFunctionExists.c
Linking C executable cmTC_e458f
/home/ssac23/anaconda3/envs/aiffel/lib/python3.7/site-packages/cmake/data/bin/cmake -E cmake_link_script CMakeFiles/cmTC_e458f.dir/link.txt --verbose=1
/usr/bin/cc  -DCHECK_FUNCTION_EXISTS=pthread_create -rdynamic CMakeFiles/cmTC_e458f.dir/CheckFunctionExists.c.o -o cmTC_e458f  -lpthreads 
/usr/bin/ld: cannot find -lpthreads
collect2: error: ld returned 1 exit status
CMakeFiles/cmTC_e458f.dir/build.make:105: recipe for target 'cmTC_e458f' failed
make[1]: *** [cmTC_e458f] Error 1
make[1]: Leaving directory '/home/ssac23/ros_input/build/CMakeFiles/CMakeTmp'
Makefile:140: recipe for target 'cmTC_e458f/fast' failed
make: *** [cmTC_e458f/fast] Error 2



Determining if the pthread_create exist failed with the following output:
Change Dir: /home/ssac23/ros_input/build/CMakeFiles/CMakeTmp

Run Build Command:"/usr/bin/make" "cmTC_85587/fast"
/usr/bin/make -f CMakeFiles/cmTC_85587.dir/build.make CMakeFiles/cmTC_85587.dir/build
make[1]: Entering directory '/home/ssac23/ros_input/build/CMakeFiles/CMakeTmp'
Building C object CMakeFiles/cmTC_85587.dir/CheckSymbolExists.c.o
/usr/bin/cc    -o CMakeFiles/cmTC_85587.dir/CheckSymbolExists.c.o   -c /home/ssac23/ros_input/build/CMakeFiles/CMakeTmp/CheckSymbolExists.c
Linking C executable cmTC_85587
/usr/bin/cmake -E cmake_link_script CMakeFiles/cmTC_85587.dir/link.txt --verbose=1
/usr/bin/cc      -rdynamic CMakeFiles/cmTC_85587.dir/CheckSymbolExists.c.o  -o cmTC_85587 
CMakeFiles/cmTC_85587.dir/CheckSymbolExists.c.o: In function `main':
CheckSymbolExists.c:(.text+0x1b): undefined reference to `pthread_create'
collect2: error: ld returned 1 exit status
CMakeFiles/cmTC_85587.dir/build.make:97: recipe for target 'cmTC_85587' failed
make[1]: *** [cmTC_85587] Error 1
make[1]: Leaving directory '/home/ssac23/ros_input/build/CMakeFiles/CMakeTmp'
Makefile:126: recipe for target 'cmTC_85587/fast' failed
make: *** [cmTC_85587/fast] Error 2

File /home/ssac23/ros_input/build/CMakeFiles/CMakeTmp/CheckSymbolExists.c:
/* */
#include <pthread.h>

int main(int argc, char** argv)
{
  (void)argv;
#ifndef pthread_create
  return ((int*)(&pthread_create))[argc];
#else
  (void)argc;
  return 0;
#endif
}

